2018-09-05 08:50:20,755 - dhis2api - INFO - example: qMjBflJMOfB
2018-09-05 09:33:48,858 - dhis2api - INFO - example: qMjBflJMOfB
2018-09-05 09:33:49,371 - dhis2api - INFO - example: qMjBflJMOfB
2018-09-05 09:33:49,578 - dhis2api - INFO - example: qMjBflJMOfB
2018-09-05 09:36:20,658 - dhis2api - ERROR - Check that the target server is running
2018-09-05 09:36:28,450 - dhis2api - ERROR - Check that the target server is running
2018-09-05 09:39:01,764 - dhis2api - INFO - example: qMjBflJMOfB
2018-09-05 09:45:29,424 - dhis2api - INFO - example: qMjBflJMOfB
2018-09-05 09:50:16,452 - dhis2api - INFO - example: qMjBflJMOfB
2018-09-05 13:09:01,809 - dhis2api - INFO - example: qMjBflJMOfB
2018-09-05 13:10:51,779 - dhis2api - INFO - example: qMjBflJMOfB
2018-09-05 13:14:02,302 - dhis2api - INFO - example: qMjBflJMOfB
2018-09-05 13:14:04,069 - dhis2api - INFO - example: KfdsGBcoiCa
2018-09-05 13:14:18,829 - dhis2api - INFO - example: TNYQzTHdoxL
2018-09-05 13:14:18,829 - dhis2api - INFO - example: qMjBflJMOfB
2018-09-05 13:14:18,829 - dhis2api - INFO - example: DXyJmlo9rge
2018-09-05 13:14:20,540 - dhis2api - INFO - example: bVZTNrnfn9G
2018-09-05 13:18:24,900 - dhis2api - INFO - example: qMjBflJMOfB
2018-09-05 13:18:26,238 - dhis2api - INFO - example: KfdsGBcoiCa
2018-09-05 13:18:39,981 - dhis2api - INFO - example: TNYQzTHdoxL
2018-09-05 13:18:39,981 - dhis2api - INFO - example: qMjBflJMOfB
2018-09-05 13:18:39,982 - dhis2api - INFO - example: DXyJmlo9rge
2018-09-05 13:18:41,539 - dhis2api - INFO - example: bVZTNrnfn9G
